<?xml version="1.0" encoding="UTF-8"?>
<!-- Generated by org.testng.reporters.JUnitReportReporter -->
<testsuite hostname="victorsoto" name="example.NewTest" tests="1" failures="0" timestamp="15 Feb 2018 22:31:32 GMT" time="2.014" errors="0">
  <testcase name="testEasy" time="2.014" classname="example.NewTest"/>
</testsuite> <!-- example.NewTest -->
