<?xml version="1.0" encoding="UTF-8"?>
<!-- Generated by org.testng.reporters.JUnitReportReporter -->
<testsuite hostname="victorsoto" name="example.NewTest2" tests="7" failures="0" timestamp="16 Feb 2018 14:38:05 GMT" time="0.016" errors="0">
  <testcase name="test" time="0.001" classname="example.NewTest2"/>
  <testcase name="test" time="0.001" classname="example.NewTest2"/>
  <testcase name="test" time="0.002" classname="example.NewTest2"/>
  <testcase name="test" time="0.002" classname="example.NewTest2"/>
  <testcase name="test" time="0.002" classname="example.NewTest2"/>
  <testcase name="f1" time="0.005" classname="example.NewTest2"/>
  <testcase name="test" time="0.003" classname="example.NewTest2"/>
</testsuite> <!-- example.NewTest2 -->
