<?xml version="1.0" encoding="UTF-8"?>
<!-- Generated by org.testng.reporters.JUnitReportReporter -->
<testsuite hostname="victorsoto" name="example.Login_PageTest" tests="6" failures="0" timestamp="16 Feb 2018 14:46:51 GMT" time="57.557" errors="0">
  <testcase name="loginTest" time="6.892" classname="example.Login_PageTest"/>
  <testcase name="loginTest" time="9.843" classname="example.Login_PageTest"/>
  <testcase name="loginTest" time="16.594" classname="example.Login_PageTest"/>
  <testcase name="loginTest" time="7.705" classname="example.Login_PageTest"/>
  <testcase name="loginTest" time="8.403" classname="example.Login_PageTest"/>
  <testcase name="loginTest" time="8.120" classname="example.Login_PageTest"/>
</testsuite> <!-- example.Login_PageTest -->
